Jun 21 09:56:59 ..... started STAR run
Jun 21 09:56:59 ..... loading genome
Jun 21 09:57:55 ..... started mapping
Jun 21 09:59:02 ..... started sorting BAM
Jun 21 09:59:02 ..... finished successfully

Jun 21 09:59:06 ..... started STAR run
Jun 21 09:59:06 ..... loading genome
Jun 21 09:59:48 ..... started mapping
Jun 21 10:01:34 ..... started sorting BAM
Jun 21 10:01:34 ..... finished successfully

Jun 21 10:01:38 ..... started STAR run
Jun 21 10:01:38 ..... loading genome
Jun 21 10:02:18 ..... started mapping
Jun 21 10:03:12 ..... started sorting BAM
Jun 21 10:03:13 ..... finished successfully

Jun 21 10:03:17 ..... started STAR run
Jun 21 10:03:17 ..... loading genome
Jun 21 10:03:56 ..... started mapping
Jun 21 10:04:35 ..... started sorting BAM
Jun 21 10:04:35 ..... finished successfully

Jun 21 10:04:40 ..... started STAR run
Jun 21 10:04:40 ..... loading genome
Jun 21 10:05:23 ..... started mapping
Jun 21 10:06:48 ..... started sorting BAM
Jun 21 10:06:48 ..... finished successfully

Jun 21 10:06:52 ..... started STAR run
Jun 21 10:06:52 ..... loading genome
Jun 21 10:08:08 ..... started mapping
Jun 21 10:08:49 ..... started sorting BAM
Jun 21 10:08:49 ..... finished successfully

Jun 21 10:08:53 ..... started STAR run
Jun 21 10:08:53 ..... loading genome
Jun 21 10:09:33 ..... started mapping
Jun 21 10:11:44 ..... started sorting BAM
Jun 21 10:11:44 ..... finished successfully

Jun 21 10:11:48 ..... started STAR run
Jun 21 10:11:48 ..... loading genome
Jun 21 10:12:28 ..... started mapping
Jun 21 10:14:32 ..... started sorting BAM
Jun 21 10:14:32 ..... finished successfully

Jun 21 10:14:36 ..... started STAR run
Jun 21 10:14:36 ..... loading genome
Jun 21 10:15:29 ..... started mapping
Jun 21 10:16:36 ..... started sorting BAM
Jun 21 10:16:37 ..... finished successfully

Jun 21 10:16:41 ..... started STAR run
Jun 21 10:16:41 ..... loading genome
Jun 21 10:17:18 ..... started mapping
Jun 21 10:19:11 ..... started sorting BAM
Jun 21 10:19:12 ..... finished successfully

Jun 21 10:19:16 ..... started STAR run
Jun 21 10:19:16 ..... loading genome
Jun 21 10:20:12 ..... started mapping
Jun 21 10:21:00 ..... started sorting BAM
Jun 21 10:21:00 ..... finished successfully

Jun 21 10:21:04 ..... started STAR run
Jun 21 10:21:04 ..... loading genome
Jun 21 10:22:00 ..... started mapping
Jun 21 10:24:00 ..... started sorting BAM
Jun 21 10:24:00 ..... finished successfully

Jun 21 10:24:04 ..... started STAR run
Jun 21 10:24:04 ..... loading genome
Jun 21 10:25:00 ..... started mapping
Jun 21 10:26:13 ..... started sorting BAM
Jun 21 10:26:13 ..... finished successfully

Jun 21 10:26:17 ..... started STAR run
Jun 21 10:26:17 ..... loading genome
Jun 21 10:26:47 ..... started mapping
Jun 21 10:27:51 ..... started sorting BAM
Jun 21 10:27:51 ..... finished successfully

Jun 21 10:27:55 ..... started STAR run
Jun 21 10:27:55 ..... loading genome
Jun 21 10:28:26 ..... started mapping
Jun 21 10:29:23 ..... started sorting BAM
Jun 21 10:29:23 ..... finished successfully

Jun 21 10:29:27 ..... started STAR run
Jun 21 10:29:27 ..... loading genome
Jun 21 10:30:23 ..... started mapping
Jun 21 10:31:53 ..... started sorting BAM
Jun 21 10:31:53 ..... finished successfully

Jun 21 10:31:57 ..... started STAR run
Jun 21 10:31:57 ..... loading genome
Jun 21 10:32:56 ..... started mapping
Jun 21 10:34:09 ..... started sorting BAM
Jun 21 10:34:09 ..... finished successfully

Jun 21 10:34:13 ..... started STAR run
Jun 21 10:34:13 ..... loading genome
Jun 21 10:35:09 ..... started mapping
Jun 21 10:36:15 ..... started sorting BAM
Jun 21 10:36:15 ..... finished successfully

Jun 21 10:36:19 ..... started STAR run
Jun 21 10:36:19 ..... loading genome
Jun 21 10:36:58 ..... started mapping
Jun 21 10:39:00 ..... started sorting BAM
Jun 21 10:39:00 ..... finished successfully

Jun 21 10:39:04 ..... started STAR run
Jun 21 10:39:04 ..... loading genome
Jun 21 10:39:53 ..... started mapping
Jun 21 10:41:30 ..... started sorting BAM
Jun 21 10:41:30 ..... finished successfully

Jun 21 10:41:35 ..... started STAR run
Jun 21 10:41:35 ..... loading genome
Jun 21 10:42:07 ..... started mapping
Jun 21 10:43:59 ..... started sorting BAM
Jun 21 10:44:00 ..... finished successfully

Jun 21 10:44:05 ..... started STAR run
Jun 21 10:44:05 ..... loading genome
Jun 21 10:45:03 ..... started mapping
Jun 21 10:46:35 ..... started sorting BAM
Jun 21 10:46:35 ..... finished successfully

Jun 21 10:46:40 ..... started STAR run
Jun 21 10:46:40 ..... loading genome
Jun 21 10:47:28 ..... started mapping
Jun 21 10:49:26 ..... started sorting BAM
Jun 21 10:49:26 ..... finished successfully

Jun 21 10:49:31 ..... started STAR run
Jun 21 10:49:31 ..... loading genome
Jun 21 10:50:21 ..... started mapping
Jun 21 10:52:54 ..... started sorting BAM
Jun 21 10:52:54 ..... finished successfully

Jun 21 10:52:59 ..... started STAR run
Jun 21 10:52:59 ..... loading genome
Jun 21 10:53:55 ..... started mapping
Jun 21 10:55:41 ..... started sorting BAM
Jun 21 10:55:41 ..... finished successfully

Jun 21 10:55:45 ..... started STAR run
Jun 21 10:55:45 ..... loading genome
Jun 21 10:56:41 ..... started mapping
Jun 21 10:57:16 ..... started sorting BAM
Jun 21 10:57:16 ..... finished successfully

Jun 21 10:57:20 ..... started STAR run
Jun 21 10:57:20 ..... loading genome
Jun 21 10:58:20 ..... started mapping
Jun 21 10:59:22 ..... started sorting BAM
Jun 21 10:59:22 ..... finished successfully

Jun 21 10:59:26 ..... started STAR run
Jun 21 10:59:26 ..... loading genome
Jun 21 11:00:03 ..... started mapping
Jun 21 11:00:50 ..... started sorting BAM
Jun 21 11:00:51 ..... finished successfully

Jun 21 11:00:54 ..... started STAR run
Jun 21 11:00:54 ..... loading genome
Jun 21 11:01:52 ..... started mapping
Jun 21 11:03:12 ..... started sorting BAM
Jun 21 11:03:12 ..... finished successfully

Jun 21 11:03:16 ..... started STAR run
Jun 21 11:03:16 ..... loading genome
Jun 21 11:03:49 ..... started mapping
Jun 21 11:04:53 ..... started sorting BAM
Jun 21 11:04:53 ..... finished successfully

Jun 21 11:04:57 ..... started STAR run
Jun 21 11:04:57 ..... loading genome
Jun 21 11:05:57 ..... started mapping
Jun 21 11:07:50 ..... started sorting BAM
Jun 21 11:07:50 ..... finished successfully

Jun 21 11:07:55 ..... started STAR run
Jun 21 11:07:55 ..... loading genome
Jun 21 11:08:35 ..... started mapping
Jun 21 11:09:39 ..... started sorting BAM
Jun 21 11:09:39 ..... finished successfully

Jun 21 11:09:43 ..... started STAR run
Jun 21 11:09:43 ..... loading genome
Jun 21 11:10:13 ..... started mapping
Jun 21 11:12:11 ..... started sorting BAM
Jun 21 11:12:11 ..... finished successfully

Jun 21 11:12:15 ..... started STAR run
Jun 21 11:12:15 ..... loading genome
Jun 21 11:13:16 ..... started mapping
Jun 21 11:15:44 ..... started sorting BAM
Jun 21 11:15:44 ..... finished successfully

Jun 21 11:15:48 ..... started STAR run
Jun 21 11:15:48 ..... loading genome
Jun 21 11:16:49 ..... started mapping
Jun 21 11:17:39 ..... started sorting BAM
Jun 21 11:17:39 ..... finished successfully

Jun 21 11:17:43 ..... started STAR run
Jun 21 11:17:43 ..... loading genome
Jun 21 11:18:13 ..... started mapping
Jun 21 11:19:48 ..... started sorting BAM
Jun 21 11:19:48 ..... finished successfully

Jun 21 11:19:52 ..... started STAR run
Jun 21 11:19:52 ..... loading genome
Jun 21 11:20:21 ..... started mapping
Jun 21 11:21:31 ..... started sorting BAM
Jun 21 11:21:31 ..... finished successfully

Jun 21 11:21:35 ..... started STAR run
Jun 21 11:21:35 ..... loading genome
Jun 21 11:22:15 ..... started mapping
Jun 21 11:23:21 ..... started sorting BAM
Jun 21 11:23:21 ..... finished successfully

