Jun 21 08:35:56 ..... started STAR run
Jun 21 08:35:56 ..... loading genome
Jun 21 08:36:53 ..... started mapping
Jun 21 08:38:37 ..... started sorting BAM
Jun 21 08:38:37 ..... finished successfully

Jun 21 08:38:41 ..... started STAR run
Jun 21 08:38:41 ..... loading genome
Jun 21 08:39:28 ..... started mapping
Jun 21 08:41:17 ..... started sorting BAM
Jun 21 08:41:17 ..... finished successfully

Jun 21 08:41:21 ..... started STAR run
Jun 21 08:41:21 ..... loading genome
Jun 21 08:42:14 ..... started mapping
Jun 21 08:43:13 ..... started sorting BAM
Jun 21 08:43:14 ..... finished successfully

Jun 21 08:43:18 ..... started STAR run
Jun 21 08:43:18 ..... loading genome
Jun 21 08:44:12 ..... started mapping
Jun 21 08:45:14 ..... started sorting BAM
Jun 21 08:45:15 ..... finished successfully

Jun 21 08:45:19 ..... started STAR run
Jun 21 08:45:19 ..... loading genome
Jun 21 08:46:16 ..... started mapping
Jun 21 08:47:28 ..... started sorting BAM
Jun 21 08:47:28 ..... finished successfully

Jun 21 08:47:32 ..... started STAR run
Jun 21 08:47:32 ..... loading genome
Jun 21 08:48:16 ..... started mapping
Jun 21 08:49:13 ..... started sorting BAM
Jun 21 08:49:13 ..... finished successfully

Jun 21 08:49:18 ..... started STAR run
Jun 21 08:49:18 ..... loading genome
Jun 21 08:50:13 ..... started mapping
Jun 21 08:51:24 ..... started sorting BAM
Jun 21 08:51:24 ..... finished successfully

Jun 21 08:51:28 ..... started STAR run
Jun 21 08:51:28 ..... loading genome
Jun 21 08:52:21 ..... started mapping
Jun 21 08:52:53 ..... started sorting BAM
Jun 21 08:52:54 ..... finished successfully

Jun 21 08:52:58 ..... started STAR run
Jun 21 08:52:58 ..... loading genome
Jun 21 08:53:53 ..... started mapping
Jun 21 08:54:57 ..... started sorting BAM
Jun 21 08:54:57 ..... finished successfully

Jun 21 08:55:01 ..... started STAR run
Jun 21 08:55:01 ..... loading genome
Jun 21 08:55:54 ..... started mapping
Jun 21 08:58:36 ..... started sorting BAM
Jun 21 08:58:36 ..... finished successfully

Jun 21 08:58:41 ..... started STAR run
Jun 21 08:58:41 ..... loading genome
Jun 21 08:59:32 ..... started mapping
Jun 21 09:00:23 ..... started sorting BAM
Jun 21 09:00:23 ..... finished successfully

Jun 21 09:00:27 ..... started STAR run
Jun 21 09:00:27 ..... loading genome
Jun 21 09:01:22 ..... started mapping
Jun 21 09:02:39 ..... started sorting BAM
Jun 21 09:02:39 ..... finished successfully

Jun 21 09:02:44 ..... started STAR run
Jun 21 09:02:44 ..... loading genome
Jun 21 09:03:43 ..... started mapping
Jun 21 09:05:51 ..... started sorting BAM
Jun 21 09:05:51 ..... finished successfully

Jun 21 09:05:55 ..... started STAR run
Jun 21 09:05:55 ..... loading genome
Jun 21 09:06:54 ..... started mapping
Jun 21 09:10:25 ..... started sorting BAM
Jun 21 09:10:25 ..... finished successfully

Jun 21 09:10:30 ..... started STAR run
Jun 21 09:10:30 ..... loading genome
Jun 21 09:11:26 ..... started mapping
Jun 21 09:14:45 ..... started sorting BAM
Jun 21 09:14:45 ..... finished successfully

Jun 21 09:14:49 ..... started STAR run
Jun 21 09:14:49 ..... loading genome
Jun 21 09:15:33 ..... started mapping
Jun 21 09:16:35 ..... started sorting BAM
Jun 21 09:16:35 ..... finished successfully

Jun 21 09:16:39 ..... started STAR run
Jun 21 09:16:39 ..... loading genome
Jun 21 09:17:38 ..... started mapping
Jun 21 09:19:46 ..... started sorting BAM
Jun 21 09:19:46 ..... finished successfully

Jun 21 09:19:51 ..... started STAR run
Jun 21 09:19:51 ..... loading genome
Jun 21 09:20:40 ..... started mapping
Jun 21 09:21:19 ..... started sorting BAM
Jun 21 09:21:19 ..... finished successfully

Jun 21 09:21:23 ..... started STAR run
Jun 21 09:21:23 ..... loading genome
Jun 21 09:22:23 ..... started mapping
Jun 21 09:23:12 ..... started sorting BAM
Jun 21 09:23:12 ..... finished successfully

Jun 21 09:23:16 ..... started STAR run
Jun 21 09:23:16 ..... loading genome
Jun 21 09:24:17 ..... started mapping
Jun 21 09:26:04 ..... started sorting BAM
Jun 21 09:26:04 ..... finished successfully

Jun 21 09:26:09 ..... started STAR run
Jun 21 09:26:09 ..... loading genome
Jun 21 09:27:00 ..... started mapping
Jun 21 09:27:49 ..... started sorting BAM
Jun 21 09:27:49 ..... finished successfully

Jun 21 09:27:53 ..... started STAR run
Jun 21 09:27:53 ..... loading genome
Jun 21 09:28:53 ..... started mapping
Jun 21 09:30:25 ..... started sorting BAM
Jun 21 09:30:25 ..... finished successfully

Jun 21 09:30:30 ..... started STAR run
Jun 21 09:30:30 ..... loading genome
Jun 21 09:31:32 ..... started mapping
Jun 21 09:32:52 ..... started sorting BAM
Jun 21 09:32:52 ..... finished successfully

Jun 21 09:32:56 ..... started STAR run
Jun 21 09:32:56 ..... loading genome
Jun 21 09:33:34 ..... started mapping
Jun 21 09:34:37 ..... started sorting BAM
Jun 21 09:34:37 ..... finished successfully

Jun 21 09:34:41 ..... started STAR run
Jun 21 09:34:41 ..... loading genome
Jun 21 09:35:20 ..... started mapping
Jun 21 09:36:35 ..... started sorting BAM
Jun 21 09:36:35 ..... finished successfully

Jun 21 09:36:39 ..... started STAR run
Jun 21 09:36:39 ..... loading genome
Jun 21 09:37:15 ..... started mapping
Jun 21 09:38:19 ..... started sorting BAM
Jun 21 09:38:19 ..... finished successfully

Jun 21 09:38:23 ..... started STAR run
Jun 21 09:38:23 ..... loading genome
Jun 21 09:39:02 ..... started mapping
Jun 21 09:39:57 ..... started sorting BAM
Jun 21 09:39:58 ..... finished successfully

Jun 21 09:40:02 ..... started STAR run
Jun 21 09:40:02 ..... loading genome
Jun 21 09:40:41 ..... started mapping
Jun 21 09:41:57 ..... started sorting BAM
Jun 21 09:41:57 ..... finished successfully

Jun 21 09:42:01 ..... started STAR run
Jun 21 09:42:01 ..... loading genome
Jun 21 09:42:30 ..... started mapping
Jun 21 09:44:03 ..... started sorting BAM
Jun 21 09:44:03 ..... finished successfully

Jun 21 09:44:07 ..... started STAR run
Jun 21 09:44:07 ..... loading genome
Jun 21 09:44:36 ..... started mapping
Jun 21 09:45:49 ..... started sorting BAM
Jun 21 09:45:50 ..... finished successfully

Jun 21 09:45:54 ..... started STAR run
Jun 21 09:45:54 ..... loading genome
Jun 21 09:46:34 ..... started mapping
Jun 21 09:47:33 ..... started sorting BAM
Jun 21 09:47:33 ..... finished successfully

Jun 21 09:47:37 ..... started STAR run
Jun 21 09:47:37 ..... loading genome
Jun 21 09:48:06 ..... started mapping
Jun 21 09:49:22 ..... started sorting BAM
Jun 21 09:49:22 ..... finished successfully

