Jun 18 09:14:56 ..... started STAR run
Jun 18 09:14:56 ..... loading genome
Jun 18 09:15:25 ..... started mapping
Jun 18 09:17:11 ..... started sorting BAM
Jun 18 09:17:11 ..... finished successfully

Jun 18 09:17:16 ..... started STAR run
Jun 18 09:17:16 ..... loading genome
Jun 18 09:18:17 ..... started mapping
Jun 18 09:19:59 ..... started sorting BAM
Jun 18 09:20:00 ..... finished successfully

Jun 18 09:20:05 ..... started STAR run
Jun 18 09:20:05 ..... loading genome
Jun 18 09:21:05 ..... started mapping
Jun 18 09:22:46 ..... started sorting BAM
Jun 18 09:22:47 ..... finished successfully

Jun 18 09:22:53 ..... started STAR run
Jun 18 09:22:53 ..... loading genome
Jun 18 09:23:32 ..... started mapping
Jun 18 09:25:07 ..... started sorting BAM
Jun 18 09:25:08 ..... finished successfully

Jun 18 09:25:13 ..... started STAR run
Jun 18 09:25:13 ..... loading genome
Jun 18 09:25:52 ..... started mapping
Jun 18 09:27:53 ..... started sorting BAM
Jun 18 09:27:55 ..... finished successfully

Jun 18 09:28:00 ..... started STAR run
Jun 18 09:28:00 ..... loading genome
Jun 18 09:28:40 ..... started mapping
Jun 18 09:30:25 ..... started sorting BAM
Jun 18 09:30:27 ..... finished successfully

Jun 18 09:30:32 ..... started STAR run
Jun 18 09:30:32 ..... loading genome
Jun 18 09:31:01 ..... started mapping
Jun 18 09:33:17 ..... started sorting BAM
Jun 18 09:33:18 ..... finished successfully

Jun 18 09:33:24 ..... started STAR run
Jun 18 09:33:24 ..... loading genome
Jun 18 09:34:24 ..... started mapping
Jun 18 09:36:01 ..... started sorting BAM
Jun 18 09:36:01 ..... finished successfully

Jun 18 09:36:06 ..... started STAR run
Jun 18 09:36:06 ..... loading genome
Jun 18 09:36:45 ..... started mapping
Jun 18 09:38:35 ..... started sorting BAM
Jun 18 09:38:36 ..... finished successfully

Jun 18 09:38:42 ..... started STAR run
Jun 18 09:38:42 ..... loading genome
Jun 18 09:39:43 ..... started mapping
Jun 18 09:41:28 ..... started sorting BAM
Jun 18 09:41:29 ..... finished successfully

Jun 18 09:41:34 ..... started STAR run
Jun 18 09:41:34 ..... loading genome
Jun 18 09:42:34 ..... started mapping
Jun 18 09:43:32 ..... started sorting BAM
Jun 18 09:43:48 ..... finished successfully

Jun 18 09:43:54 ..... started STAR run
Jun 18 09:43:54 ..... loading genome
Jun 18 09:44:55 ..... started mapping
Jun 18 09:46:17 ..... started sorting BAM
Jun 18 09:46:18 ..... finished successfully

Jun 18 09:46:23 ..... started STAR run
Jun 18 09:46:23 ..... loading genome
Jun 18 09:47:23 ..... started mapping
Jun 18 09:48:47 ..... started sorting BAM
Jun 18 09:48:49 ..... finished successfully

Jun 18 09:48:55 ..... started STAR run
Jun 18 09:48:55 ..... loading genome
Jun 18 09:49:34 ..... started mapping
Jun 18 09:50:49 ..... started sorting BAM
Jun 18 09:50:53 ..... finished successfully

Jun 18 09:50:58 ..... started STAR run
Jun 18 09:50:58 ..... loading genome
Jun 18 09:51:58 ..... started mapping
Jun 18 09:53:14 ..... started sorting BAM
Jun 18 09:53:20 ..... finished successfully

Jun 18 09:53:25 ..... started STAR run
Jun 18 09:53:25 ..... loading genome
Jun 18 09:54:26 ..... started mapping
Jun 18 09:55:54 ..... started sorting BAM
Jun 18 09:55:55 ..... finished successfully

Jun 18 09:56:00 ..... started STAR run
Jun 18 09:56:00 ..... loading genome
Jun 18 09:57:00 ..... started mapping
Jun 18 09:58:34 ..... started sorting BAM
Jun 18 09:58:35 ..... finished successfully

Jun 18 09:58:40 ..... started STAR run
Jun 18 09:58:40 ..... loading genome
Jun 18 09:59:41 ..... started mapping
Jun 18 10:00:53 ..... started sorting BAM
Jun 18 10:00:57 ..... finished successfully

Jun 18 10:01:02 ..... started STAR run
Jun 18 10:01:02 ..... loading genome
Jun 18 10:01:40 ..... started mapping
Jun 18 10:03:06 ..... started sorting BAM
Jun 18 10:03:07 ..... finished successfully

Jun 18 10:03:12 ..... started STAR run
Jun 18 10:03:12 ..... loading genome
Jun 18 10:04:13 ..... started mapping
Jun 18 10:05:35 ..... started sorting BAM
Jun 18 10:05:35 ..... finished successfully

Jun 18 10:05:40 ..... started STAR run
Jun 18 10:05:40 ..... loading genome
Jun 18 10:06:40 ..... started mapping
Jun 18 10:08:20 ..... started sorting BAM
Jun 18 10:08:21 ..... finished successfully

Jun 18 10:08:26 ..... started STAR run
Jun 18 10:08:26 ..... loading genome
Jun 18 10:09:26 ..... started mapping
Jun 18 10:10:46 ..... started sorting BAM
Jun 18 10:10:47 ..... finished successfully

Jun 18 10:10:51 ..... started STAR run
Jun 18 10:10:51 ..... loading genome
Jun 18 10:11:52 ..... started mapping
Jun 18 10:13:15 ..... started sorting BAM
Jun 18 10:13:16 ..... finished successfully

Jun 18 10:13:20 ..... started STAR run
Jun 18 10:13:20 ..... loading genome
Jun 18 10:13:49 ..... started mapping
Jun 18 10:15:00 ..... started sorting BAM
Jun 18 10:15:00 ..... finished successfully

Jun 18 10:15:04 ..... started STAR run
Jun 18 10:15:04 ..... loading genome
Jun 18 10:15:43 ..... started mapping
Jun 18 10:16:40 ..... started sorting BAM
Jun 18 10:16:41 ..... finished successfully

Jun 18 10:16:45 ..... started STAR run
Jun 18 10:16:45 ..... loading genome
Jun 18 10:17:24 ..... started mapping
Jun 18 10:18:18 ..... started sorting BAM
Jun 18 10:18:19 ..... finished successfully

Jun 18 10:18:23 ..... started STAR run
Jun 18 10:18:23 ..... loading genome
Jun 18 10:19:24 ..... started mapping
Jun 18 10:20:41 ..... started sorting BAM
Jun 18 10:20:42 ..... finished successfully

Jun 18 10:20:46 ..... started STAR run
Jun 18 10:20:46 ..... loading genome
Jun 18 10:21:25 ..... started mapping
Jun 18 10:22:27 ..... started sorting BAM
Jun 18 10:22:28 ..... finished successfully

Jun 18 10:22:32 ..... started STAR run
Jun 18 10:22:32 ..... loading genome
Jun 18 10:23:12 ..... started mapping
Jun 18 10:24:11 ..... started sorting BAM
Jun 18 10:24:11 ..... finished successfully

Jun 18 10:24:15 ..... started STAR run
Jun 18 10:24:15 ..... loading genome
Jun 18 10:25:16 ..... started mapping
Jun 18 10:26:20 ..... started sorting BAM
Jun 18 10:26:21 ..... finished successfully

Jun 18 10:26:26 ..... started STAR run
Jun 18 10:26:26 ..... loading genome
Jun 18 10:27:26 ..... started mapping
Jun 18 10:28:27 ..... started sorting BAM
Jun 18 10:28:27 ..... finished successfully

Jun 18 10:28:32 ..... started STAR run
Jun 18 10:28:32 ..... loading genome
Jun 18 10:29:30 ..... started mapping
Jun 18 10:30:38 ..... started sorting BAM
Jun 18 10:30:39 ..... finished successfully

Jun 18 10:30:43 ..... started STAR run
Jun 18 10:30:43 ..... loading genome
Jun 18 10:31:22 ..... started mapping
Jun 18 10:32:38 ..... started sorting BAM
Jun 18 10:32:39 ..... finished successfully

Jun 18 10:32:44 ..... started STAR run
Jun 18 10:32:44 ..... loading genome
Jun 18 10:33:44 ..... started mapping
Jun 18 10:34:47 ..... started sorting BAM
Jun 18 10:34:48 ..... finished successfully

Jun 18 10:34:52 ..... started STAR run
Jun 18 10:34:52 ..... loading genome
Jun 18 10:35:31 ..... started mapping
Jun 18 10:36:36 ..... started sorting BAM
Jun 18 10:36:37 ..... finished successfully

Jun 18 10:36:41 ..... started STAR run
Jun 18 10:36:41 ..... loading genome
Jun 18 10:37:20 ..... started mapping
Jun 18 10:38:31 ..... started sorting BAM
Jun 18 10:38:32 ..... finished successfully

Jun 18 10:38:36 ..... started STAR run
Jun 18 10:38:36 ..... loading genome
Jun 18 10:39:37 ..... started mapping
Jun 18 10:40:51 ..... started sorting BAM
Jun 18 10:40:51 ..... finished successfully

Jun 18 10:40:55 ..... started STAR run
Jun 18 10:40:55 ..... loading genome
Jun 18 10:41:56 ..... started mapping
Jun 18 10:43:19 ..... started sorting BAM
Jun 18 10:43:19 ..... finished successfully

Jun 18 10:43:24 ..... started STAR run
Jun 18 10:43:24 ..... loading genome
Jun 18 10:44:25 ..... started mapping
Jun 18 10:45:43 ..... started sorting BAM
Jun 18 10:45:44 ..... finished successfully

Jun 18 10:45:49 ..... started STAR run
Jun 18 10:45:49 ..... loading genome
Jun 18 10:46:28 ..... started mapping
Jun 18 10:47:53 ..... started sorting BAM
Jun 18 10:47:53 ..... finished successfully

Jun 18 10:47:57 ..... started STAR run
Jun 18 10:47:57 ..... loading genome
Jun 18 10:48:58 ..... started mapping
Jun 18 10:50:10 ..... started sorting BAM
Jun 18 10:50:11 ..... finished successfully

Jun 18 10:50:15 ..... started STAR run
Jun 18 10:50:15 ..... loading genome
Jun 18 10:51:16 ..... started mapping
Jun 18 10:52:25 ..... started sorting BAM
Jun 18 10:52:26 ..... finished successfully

Jun 18 10:52:30 ..... started STAR run
Jun 18 10:52:30 ..... loading genome
Jun 18 10:53:10 ..... started mapping
Jun 18 10:54:29 ..... started sorting BAM
Jun 18 10:54:30 ..... finished successfully

Jun 18 10:54:34 ..... started STAR run
Jun 18 10:54:34 ..... loading genome
Jun 18 10:55:09 ..... started mapping
Jun 18 10:56:03 ..... started sorting BAM
Jun 18 10:56:04 ..... finished successfully

Jun 18 10:56:09 ..... started STAR run
Jun 18 10:56:09 ..... loading genome
Jun 18 10:57:10 ..... started mapping
Jun 18 10:57:54 ..... started sorting BAM
Jun 18 10:57:55 ..... finished successfully

Jun 18 10:57:59 ..... started STAR run
Jun 18 10:57:59 ..... loading genome
Jun 18 10:58:28 ..... started mapping
Jun 18 10:59:07 ..... started sorting BAM
Jun 18 10:59:09 ..... finished successfully

Jun 18 10:59:13 ..... started STAR run
Jun 18 10:59:13 ..... loading genome
Jun 18 11:00:14 ..... started mapping
Jun 18 11:01:28 ..... started sorting BAM
Jun 18 11:01:28 ..... finished successfully

Jun 18 11:01:33 ..... started STAR run
Jun 18 11:01:33 ..... loading genome
Jun 18 11:02:32 ..... started mapping
Jun 18 11:03:42 ..... started sorting BAM
Jun 18 11:03:42 ..... finished successfully

Jun 18 11:03:46 ..... started STAR run
Jun 18 11:03:46 ..... loading genome
Jun 18 11:04:47 ..... started mapping
Jun 18 11:06:15 ..... started sorting BAM
Jun 18 11:06:16 ..... finished successfully

Jun 18 11:06:20 ..... started STAR run
Jun 18 11:06:20 ..... loading genome
Jun 18 11:06:49 ..... started mapping
Jun 18 11:07:50 ..... started sorting BAM
Jun 18 11:07:51 ..... finished successfully

Jun 18 11:07:55 ..... started STAR run
Jun 18 11:07:55 ..... loading genome
Jun 18 11:08:34 ..... started mapping
Jun 18 11:09:43 ..... started sorting BAM
Jun 18 11:09:43 ..... finished successfully

Jun 18 11:09:47 ..... started STAR run
Jun 18 11:09:47 ..... loading genome
Jun 18 11:10:48 ..... started mapping
Jun 18 11:12:00 ..... started sorting BAM
Jun 18 11:12:01 ..... finished successfully

Jun 18 11:12:06 ..... started STAR run
Jun 18 11:12:06 ..... loading genome
Jun 18 11:13:06 ..... started mapping
Jun 18 11:14:05 ..... started sorting BAM
Jun 18 11:14:05 ..... finished successfully

Jun 18 11:14:09 ..... started STAR run
Jun 18 11:14:09 ..... loading genome
Jun 18 11:15:10 ..... started mapping
Jun 18 11:16:12 ..... started sorting BAM
Jun 18 11:16:16 ..... finished successfully

Jun 18 11:16:21 ..... started STAR run
Jun 18 11:16:21 ..... loading genome
Jun 18 11:17:07 ..... started mapping
Jun 18 11:18:21 ..... started sorting BAM
Jun 18 11:18:21 ..... finished successfully

Jun 18 11:18:26 ..... started STAR run
Jun 18 11:18:26 ..... loading genome
Jun 18 11:19:05 ..... started mapping
Jun 18 11:19:52 ..... started sorting BAM
Jun 18 11:19:53 ..... finished successfully

Jun 18 11:19:57 ..... started STAR run
Jun 18 11:19:57 ..... loading genome
Jun 18 11:20:57 ..... started mapping
Jun 18 11:21:56 ..... started sorting BAM
Jun 18 11:21:59 ..... finished successfully

Jun 18 11:22:04 ..... started STAR run
Jun 18 11:22:04 ..... loading genome
Jun 18 11:22:43 ..... started mapping
Jun 18 11:24:15 ..... started sorting BAM
Jun 18 11:24:16 ..... finished successfully

Jun 18 11:24:20 ..... started STAR run
Jun 18 11:24:20 ..... loading genome
Jun 18 11:25:21 ..... started mapping
Jun 18 11:27:02 ..... started sorting BAM
Jun 18 11:27:03 ..... finished successfully

Jun 18 11:27:08 ..... started STAR run
Jun 18 11:27:08 ..... loading genome
Jun 18 11:27:47 ..... started mapping
Jun 18 11:28:51 ..... started sorting BAM
Jun 18 11:28:52 ..... finished successfully

Jun 18 11:28:57 ..... started STAR run
Jun 18 11:28:57 ..... loading genome
Jun 18 11:29:58 ..... started mapping
Jun 18 11:31:20 ..... started sorting BAM
Jun 18 11:31:24 ..... finished successfully

Jun 18 11:31:29 ..... started STAR run
Jun 18 11:31:29 ..... loading genome
Jun 18 11:32:08 ..... started mapping
Jun 18 11:33:26 ..... started sorting BAM
Jun 18 11:33:27 ..... finished successfully

Jun 18 11:33:31 ..... started STAR run
Jun 18 11:33:31 ..... loading genome
Jun 18 11:34:10 ..... started mapping
Jun 18 11:35:23 ..... started sorting BAM
Jun 18 11:35:27 ..... finished successfully

Jun 18 11:35:32 ..... started STAR run
Jun 18 11:35:32 ..... loading genome
Jun 18 11:36:11 ..... started mapping
Jun 18 11:36:53 ..... started sorting BAM
Jun 18 11:36:56 ..... finished successfully

Jun 18 11:37:00 ..... started STAR run
Jun 18 11:37:00 ..... loading genome
Jun 18 11:38:01 ..... started mapping
Jun 18 11:39:01 ..... started sorting BAM
Jun 18 11:39:03 ..... finished successfully

Jun 18 11:39:07 ..... started STAR run
Jun 18 11:39:07 ..... loading genome
Jun 18 11:39:46 ..... started mapping
Jun 18 11:41:05 ..... started sorting BAM
Jun 18 11:41:06 ..... finished successfully

Jun 18 11:41:11 ..... started STAR run
Jun 18 11:41:11 ..... loading genome
Jun 18 11:41:50 ..... started mapping
Jun 18 11:43:04 ..... started sorting BAM
Jun 18 11:43:05 ..... finished successfully

Jun 18 11:43:09 ..... started STAR run
Jun 18 11:43:10 ..... loading genome
Jun 18 11:44:11 ..... started mapping
Jun 18 11:45:02 ..... started sorting BAM
Jun 18 11:45:02 ..... finished successfully

Jun 18 11:45:06 ..... started STAR run
Jun 18 11:45:06 ..... loading genome
Jun 18 11:45:45 ..... started mapping
Jun 18 11:46:49 ..... started sorting BAM
Jun 18 11:46:50 ..... finished successfully

Jun 18 11:46:55 ..... started STAR run
Jun 18 11:46:55 ..... loading genome
Jun 18 11:47:56 ..... started mapping
Jun 18 11:49:11 ..... started sorting BAM
Jun 18 11:49:12 ..... finished successfully

Jun 18 11:49:16 ..... started STAR run
Jun 18 11:49:17 ..... loading genome
Jun 18 11:50:17 ..... started mapping
Jun 18 11:51:29 ..... started sorting BAM
Jun 18 11:51:31 ..... finished successfully

Jun 18 11:51:35 ..... started STAR run
Jun 18 11:51:36 ..... loading genome
Jun 18 11:52:36 ..... started mapping
Jun 18 11:53:45 ..... started sorting BAM
Jun 18 11:53:46 ..... finished successfully

Jun 18 11:53:50 ..... started STAR run
Jun 18 11:53:50 ..... loading genome
Jun 18 11:54:51 ..... started mapping
Jun 18 11:55:40 ..... started sorting BAM
Jun 18 11:55:43 ..... finished successfully

Jun 18 11:55:47 ..... started STAR run
Jun 18 11:55:47 ..... loading genome
Jun 18 11:56:48 ..... started mapping
Jun 18 11:58:00 ..... started sorting BAM
Jun 18 11:58:01 ..... finished successfully

Jun 18 11:58:05 ..... started STAR run
Jun 18 11:58:05 ..... loading genome
Jun 18 11:59:06 ..... started mapping
Jun 18 12:00:37 ..... started sorting BAM
Jun 18 12:00:38 ..... finished successfully

Jun 18 12:00:43 ..... started STAR run
Jun 18 12:00:43 ..... loading genome
Jun 18 12:01:43 ..... started mapping
Jun 18 12:02:38 ..... started sorting BAM
Jun 18 12:02:46 ..... finished successfully

Jun 18 12:02:51 ..... started STAR run
Jun 18 12:02:51 ..... loading genome
Jun 18 12:03:31 ..... started mapping
Jun 18 12:04:35 ..... started sorting BAM
Jun 18 12:04:46 ..... finished successfully

Jun 18 12:04:52 ..... started STAR run
Jun 18 12:04:52 ..... loading genome
Jun 18 12:05:53 ..... started mapping
Jun 18 12:07:11 ..... started sorting BAM
Jun 18 12:07:11 ..... finished successfully

Jun 18 12:07:16 ..... started STAR run
Jun 18 12:07:16 ..... loading genome
Jun 18 12:07:55 ..... started mapping
Jun 18 12:09:37 ..... started sorting BAM
Jun 18 12:09:39 ..... finished successfully

Jun 18 12:09:44 ..... started STAR run
Jun 18 12:09:44 ..... loading genome
Jun 18 12:10:23 ..... started mapping
Jun 18 12:12:04 ..... started sorting BAM
Jun 18 12:12:07 ..... finished successfully

Jun 18 12:12:12 ..... started STAR run
Jun 18 12:12:12 ..... loading genome
Jun 18 12:13:14 ..... started mapping
Jun 18 12:14:31 ..... started sorting BAM
Jun 18 12:14:32 ..... finished successfully

Jun 18 12:14:36 ..... started STAR run
Jun 18 12:14:36 ..... loading genome
Jun 18 12:15:38 ..... started mapping
Jun 18 12:17:01 ..... started sorting BAM
Jun 18 12:17:01 ..... finished successfully

Jun 18 12:17:06 ..... started STAR run
Jun 18 12:17:06 ..... loading genome
Jun 18 12:18:07 ..... started mapping
Jun 18 12:19:02 ..... started sorting BAM
Jun 18 12:19:04 ..... finished successfully

Jun 18 12:19:08 ..... started STAR run
Jun 18 12:19:08 ..... loading genome
Jun 18 12:20:10 ..... started mapping
Jun 18 12:21:12 ..... started sorting BAM
Jun 18 12:21:13 ..... finished successfully

Jun 18 12:21:18 ..... started STAR run
Jun 18 12:21:18 ..... loading genome
Jun 18 12:22:20 ..... started mapping
Jun 18 12:23:42 ..... started sorting BAM
Jun 18 12:24:04 ..... finished successfully

Jun 18 12:24:10 ..... started STAR run
Jun 18 12:24:10 ..... loading genome
Jun 18 12:25:02 ..... started mapping
Jun 18 12:26:02 ..... started sorting BAM
Jun 18 12:26:04 ..... finished successfully

Jun 18 12:26:08 ..... started STAR run
Jun 18 12:26:08 ..... loading genome
Jun 18 12:27:12 ..... started mapping
Jun 18 12:28:32 ..... started sorting BAM
Jun 18 12:28:58 ..... finished successfully

Jun 18 12:29:05 ..... started STAR run
Jun 18 12:29:05 ..... loading genome
Jun 18 12:30:07 ..... started mapping
Jun 18 12:31:21 ..... started sorting BAM
Jun 18 12:31:42 ..... finished successfully

Jun 18 12:31:48 ..... started STAR run
Jun 18 12:31:48 ..... loading genome
Jun 18 12:32:51 ..... started mapping
Jun 18 12:34:06 ..... started sorting BAM
Jun 18 12:34:06 ..... finished successfully

Jun 18 12:34:11 ..... started STAR run
Jun 18 12:34:11 ..... loading genome
Jun 18 12:35:16 ..... started mapping
Jun 18 12:36:32 ..... started sorting BAM
Jun 18 12:36:33 ..... finished successfully

Jun 18 12:36:37 ..... started STAR run
Jun 18 12:36:37 ..... loading genome
Jun 18 12:37:39 ..... started mapping
Jun 18 12:38:58 ..... started sorting BAM
Jun 18 12:38:58 ..... finished successfully

Jun 18 12:39:04 ..... started STAR run
Jun 18 12:39:04 ..... loading genome
Jun 18 12:40:06 ..... started mapping
Jun 18 12:41:10 ..... started sorting BAM
Jun 18 12:41:12 ..... finished successfully

Jun 18 12:41:17 ..... started STAR run
Jun 18 12:41:17 ..... loading genome
Jun 18 12:42:04 ..... started mapping
Jun 18 12:43:13 ..... started sorting BAM
Jun 18 12:43:13 ..... finished successfully

Jun 18 12:43:17 ..... started STAR run
Jun 18 12:43:17 ..... loading genome
Jun 18 12:44:18 ..... started mapping
Jun 18 12:45:35 ..... started sorting BAM
Jun 18 12:45:40 ..... finished successfully

Jun 18 12:45:45 ..... started STAR run
Jun 18 12:45:45 ..... loading genome
Jun 18 12:46:46 ..... started mapping
Jun 18 12:47:49 ..... started sorting BAM
Jun 18 12:47:53 ..... finished successfully

