Jun 21 16:25:43 ..... started STAR run
Jun 21 16:25:43 ..... loading genome
Jun 21 16:25:44 ..... started mapping
Jun 21 16:32:19 ..... started sorting BAM
Jun 21 16:32:20 ..... finished successfully

Jun 21 16:32:24 ..... started STAR run
Jun 21 16:32:24 ..... loading genome
Jun 21 16:32:27 ..... started mapping
Jun 21 16:37:43 ..... started sorting BAM
Jun 21 16:37:43 ..... finished successfully

Jun 21 16:37:48 ..... started STAR run
Jun 21 16:37:48 ..... loading genome
Jun 21 16:37:50 ..... started mapping
Jun 21 16:46:44 ..... started sorting BAM
Jun 21 16:46:44 ..... finished successfully

Jun 21 16:46:49 ..... started STAR run
Jun 21 16:46:49 ..... loading genome
Jun 21 16:46:50 ..... started mapping
Jun 21 16:53:04 ..... started sorting BAM
Jun 21 16:53:04 ..... finished successfully

Jun 21 16:53:09 ..... started STAR run
Jun 21 16:53:09 ..... loading genome
Jun 21 16:53:10 ..... started mapping
Jun 21 17:01:10 ..... started sorting BAM
Jun 21 17:01:10 ..... finished successfully

Jun 21 17:01:15 ..... started STAR run
Jun 21 17:01:15 ..... loading genome
Jun 21 17:01:17 ..... started mapping
Jun 21 17:09:11 ..... started sorting BAM
Jun 21 17:09:12 ..... finished successfully

Jun 21 17:09:16 ..... started STAR run
Jun 21 17:09:16 ..... loading genome
Jun 21 17:09:18 ..... started mapping
Jun 21 17:17:44 ..... started sorting BAM
Jun 21 17:17:44 ..... finished successfully

Jun 21 17:17:49 ..... started STAR run
Jun 21 17:17:49 ..... loading genome
Jun 21 17:17:51 ..... started mapping
Jun 21 17:23:29 ..... started sorting BAM
Jun 21 17:23:29 ..... finished successfully

Jun 21 17:23:34 ..... started STAR run
Jun 21 17:23:34 ..... loading genome
Jun 21 17:23:36 ..... started mapping
Jun 21 17:31:07 ..... started sorting BAM
Jun 21 17:31:07 ..... finished successfully

Jun 21 17:31:12 ..... started STAR run
Jun 21 17:31:12 ..... loading genome
Jun 21 17:31:15 ..... started mapping
Jun 21 17:38:41 ..... started sorting BAM
Jun 21 17:38:41 ..... finished successfully

Jun 21 17:38:46 ..... started STAR run
Jun 21 17:38:46 ..... loading genome
Jun 21 17:38:47 ..... started mapping
Jun 21 17:44:19 ..... started sorting BAM
Jun 21 17:44:20 ..... finished successfully

Jun 21 17:44:25 ..... started STAR run
Jun 21 17:44:25 ..... loading genome
Jun 21 17:44:26 ..... started mapping
Jun 21 17:45:29 ..... started sorting BAM
Jun 21 17:45:30 ..... finished successfully

Jun 21 17:45:34 ..... started STAR run
Jun 21 17:45:34 ..... loading genome
Jun 21 17:45:37 ..... started mapping
Jun 21 17:48:43 ..... started sorting BAM
Jun 21 17:48:44 ..... finished successfully

Jun 21 17:48:48 ..... started STAR run
Jun 21 17:48:48 ..... loading genome
Jun 21 17:48:50 ..... started mapping
Jun 21 17:52:32 ..... started sorting BAM
Jun 21 17:52:32 ..... finished successfully

Jun 21 17:52:36 ..... started STAR run
Jun 21 17:52:36 ..... loading genome
Jun 21 17:52:38 ..... started mapping
Jun 21 17:56:17 ..... started sorting BAM
Jun 21 17:56:17 ..... finished successfully

Jun 21 17:56:22 ..... started STAR run
Jun 21 17:56:22 ..... loading genome
Jun 21 17:56:24 ..... started mapping
Jun 21 18:00:29 ..... started sorting BAM
Jun 21 18:00:29 ..... finished successfully

Jun 21 18:00:34 ..... started STAR run
Jun 21 18:00:34 ..... loading genome
Jun 21 18:00:35 ..... started mapping
Jun 21 18:06:31 ..... started sorting BAM
Jun 21 18:06:31 ..... finished successfully

Jun 21 18:06:36 ..... started STAR run
Jun 21 18:06:36 ..... loading genome
Jun 21 18:06:39 ..... started mapping
Jun 21 18:08:11 ..... started sorting BAM
Jun 21 18:08:12 ..... finished successfully

Jun 21 18:08:16 ..... started STAR run
Jun 21 18:08:16 ..... loading genome
Jun 21 18:08:17 ..... started mapping
Jun 21 18:13:23 ..... started sorting BAM
Jun 21 18:13:23 ..... finished successfully

Jun 21 18:13:28 ..... started STAR run
Jun 21 18:13:28 ..... loading genome
Jun 21 18:13:29 ..... started mapping
Jun 21 18:16:45 ..... started sorting BAM
Jun 21 18:16:45 ..... finished successfully

Jun 21 18:16:49 ..... started STAR run
Jun 21 18:16:49 ..... loading genome
Jun 21 18:16:52 ..... started mapping
Jun 21 18:23:08 ..... started sorting BAM
Jun 21 18:23:09 ..... finished successfully

Jun 21 18:23:13 ..... started STAR run
Jun 21 18:23:13 ..... loading genome
Jun 21 18:23:15 ..... started mapping
Jun 21 18:25:15 ..... started sorting BAM
Jun 21 18:25:16 ..... finished successfully

Jun 21 18:25:20 ..... started STAR run
Jun 21 18:25:20 ..... loading genome
Jun 21 18:25:22 ..... started mapping
Jun 21 18:27:23 ..... started sorting BAM
Jun 21 18:27:24 ..... finished successfully

Jun 21 18:27:28 ..... started STAR run
Jun 21 18:27:28 ..... loading genome
Jun 21 18:27:29 ..... started mapping
Jun 21 18:29:22 ..... started sorting BAM
Jun 21 18:29:22 ..... finished successfully

Jun 21 18:29:26 ..... started STAR run
Jun 21 18:29:26 ..... loading genome
Jun 21 18:29:28 ..... started mapping
Jun 21 18:30:58 ..... started sorting BAM
Jun 21 18:30:58 ..... finished successfully

Jun 21 18:31:02 ..... started STAR run
Jun 21 18:31:02 ..... loading genome
Jun 21 18:31:05 ..... started mapping
Jun 21 18:32:37 ..... started sorting BAM
Jun 21 18:32:38 ..... finished successfully

Jun 21 18:32:42 ..... started STAR run
Jun 21 18:32:42 ..... loading genome
Jun 21 18:32:43 ..... started mapping
Jun 21 18:34:22 ..... started sorting BAM
Jun 21 18:34:23 ..... finished successfully

Jun 21 18:34:26 ..... started STAR run
Jun 21 18:34:26 ..... loading genome
Jun 21 18:34:29 ..... started mapping
Jun 21 18:35:39 ..... started sorting BAM
Jun 21 18:35:40 ..... finished successfully

Jun 21 18:35:43 ..... started STAR run
Jun 21 18:35:43 ..... loading genome
Jun 21 18:35:46 ..... started mapping
Jun 21 18:36:13 ..... started sorting BAM
Jun 21 18:36:13 ..... finished successfully

Jun 21 18:36:17 ..... started STAR run
Jun 21 18:36:17 ..... loading genome
Jun 21 18:36:19 ..... started mapping
Jun 21 18:38:18 ..... started sorting BAM
Jun 21 18:38:19 ..... finished successfully

Jun 21 18:38:23 ..... started STAR run
Jun 21 18:38:23 ..... loading genome
Jun 21 18:38:24 ..... started mapping
Jun 21 18:39:15 ..... started sorting BAM
Jun 21 18:39:16 ..... finished successfully

Jun 21 18:39:19 ..... started STAR run
Jun 21 18:39:19 ..... loading genome
Jun 21 18:39:21 ..... started mapping
Jun 21 18:41:32 ..... started sorting BAM
Jun 21 18:41:33 ..... finished successfully

Jun 21 18:41:37 ..... started STAR run
Jun 21 18:41:37 ..... loading genome
Jun 21 18:41:40 ..... started mapping
Jun 21 18:43:48 ..... started sorting BAM
Jun 21 18:43:48 ..... finished successfully

Jun 21 18:43:52 ..... started STAR run
Jun 21 18:43:53 ..... loading genome
Jun 21 18:43:56 ..... started mapping
Jun 21 18:44:37 ..... started sorting BAM
Jun 21 18:44:37 ..... finished successfully

Jun 21 18:44:41 ..... started STAR run
Jun 21 18:44:41 ..... loading genome
Jun 21 18:44:44 ..... started mapping
Jun 21 18:46:02 ..... started sorting BAM
Jun 21 18:46:02 ..... finished successfully

Jun 21 18:46:06 ..... started STAR run
Jun 21 18:46:06 ..... loading genome
Jun 21 18:46:09 ..... started mapping
Jun 21 18:48:09 ..... started sorting BAM
Jun 21 18:48:10 ..... finished successfully

Jun 21 18:48:14 ..... started STAR run
Jun 21 18:48:14 ..... loading genome
Jun 21 18:48:17 ..... started mapping
Jun 21 18:49:59 ..... started sorting BAM
Jun 21 18:49:59 ..... finished successfully

Jun 21 18:50:03 ..... started STAR run
Jun 21 18:50:03 ..... loading genome
Jun 21 18:50:05 ..... started mapping
Jun 21 18:53:13 ..... started sorting BAM
Jun 21 18:53:13 ..... finished successfully

Jun 21 18:53:17 ..... started STAR run
Jun 21 18:53:17 ..... loading genome
Jun 21 18:53:20 ..... started mapping
Jun 21 18:55:28 ..... started sorting BAM
Jun 21 18:55:28 ..... finished successfully

Jun 21 18:55:32 ..... started STAR run
Jun 21 18:55:32 ..... loading genome
Jun 21 18:55:33 ..... started mapping
Jun 21 18:57:21 ..... started sorting BAM
Jun 21 18:57:22 ..... finished successfully

Jun 21 18:57:25 ..... started STAR run
Jun 21 18:57:26 ..... loading genome
Jun 21 18:57:28 ..... started mapping
Jun 21 18:59:07 ..... started sorting BAM
Jun 21 18:59:08 ..... finished successfully

Jun 21 18:59:12 ..... started STAR run
Jun 21 18:59:12 ..... loading genome
Jun 21 18:59:13 ..... started mapping
Jun 21 19:00:51 ..... started sorting BAM
Jun 21 19:00:51 ..... finished successfully

Jun 21 19:00:55 ..... started STAR run
Jun 21 19:00:55 ..... loading genome
Jun 21 19:00:58 ..... started mapping
Jun 21 19:03:00 ..... started sorting BAM
Jun 21 19:03:00 ..... finished successfully

Jun 21 19:03:04 ..... started STAR run
Jun 21 19:03:04 ..... loading genome
Jun 21 19:03:05 ..... started mapping
Jun 21 19:05:04 ..... started sorting BAM
Jun 21 19:05:04 ..... finished successfully

Jun 21 19:05:08 ..... started STAR run
Jun 21 19:05:08 ..... loading genome
Jun 21 19:05:10 ..... started mapping
Jun 21 19:07:04 ..... started sorting BAM
Jun 21 19:07:05 ..... finished successfully

Jun 21 19:07:08 ..... started STAR run
Jun 21 19:07:08 ..... loading genome
Jun 21 19:07:10 ..... started mapping
Jun 21 19:11:21 ..... started sorting BAM
Jun 21 19:11:21 ..... finished successfully

Jun 21 19:11:25 ..... started STAR run
Jun 21 19:11:25 ..... loading genome
Jun 21 19:11:28 ..... started mapping
Jun 21 19:13:25 ..... started sorting BAM
Jun 21 19:13:26 ..... finished successfully

Jun 21 19:13:30 ..... started STAR run
Jun 21 19:13:30 ..... loading genome
Jun 21 19:13:33 ..... started mapping
Jun 21 19:14:52 ..... started sorting BAM
Jun 21 19:14:52 ..... finished successfully

Jun 21 19:14:56 ..... started STAR run
Jun 21 19:14:56 ..... loading genome
Jun 21 19:14:59 ..... started mapping
Jun 21 19:18:59 ..... started sorting BAM
Jun 21 19:18:59 ..... finished successfully

Jun 21 19:19:03 ..... started STAR run
Jun 21 19:19:03 ..... loading genome
Jun 21 19:19:05 ..... started mapping
Jun 21 19:21:03 ..... started sorting BAM
Jun 21 19:21:03 ..... finished successfully

Jun 21 19:21:07 ..... started STAR run
Jun 21 19:21:07 ..... loading genome
Jun 21 19:21:08 ..... started mapping
Jun 21 19:23:21 ..... started sorting BAM
Jun 21 19:23:21 ..... finished successfully

Jun 21 19:23:25 ..... started STAR run
Jun 21 19:23:25 ..... loading genome
Jun 21 19:23:27 ..... started mapping
Jun 21 19:25:10 ..... started sorting BAM
Jun 21 19:25:10 ..... finished successfully

Jun 21 19:25:14 ..... started STAR run
Jun 21 19:25:14 ..... loading genome
Jun 21 19:25:17 ..... started mapping
Jun 21 19:27:04 ..... started sorting BAM
Jun 21 19:27:05 ..... finished successfully

Jun 21 19:27:08 ..... started STAR run
Jun 21 19:27:08 ..... loading genome
Jun 21 19:27:11 ..... started mapping
Jun 21 19:29:54 ..... started sorting BAM
Jun 21 19:29:54 ..... finished successfully

Jun 21 19:29:58 ..... started STAR run
Jun 21 19:29:58 ..... loading genome
Jun 21 19:29:59 ..... started mapping
Jun 21 19:31:21 ..... started sorting BAM
Jun 21 19:31:21 ..... finished successfully

Jun 21 19:31:25 ..... started STAR run
Jun 21 19:31:25 ..... loading genome
Jun 21 19:31:28 ..... started mapping
Jun 21 19:33:25 ..... started sorting BAM
Jun 21 19:33:25 ..... finished successfully

Jun 21 19:33:29 ..... started STAR run
Jun 21 19:33:29 ..... loading genome
Jun 21 19:33:32 ..... started mapping
Jun 21 19:35:25 ..... started sorting BAM
Jun 21 19:35:25 ..... finished successfully

Jun 21 19:35:29 ..... started STAR run
Jun 21 19:35:29 ..... loading genome
Jun 21 19:35:32 ..... started mapping
Jun 21 19:41:20 ..... started sorting BAM
Jun 21 19:41:20 ..... finished successfully

Jun 21 19:41:24 ..... started STAR run
Jun 21 19:41:24 ..... loading genome
Jun 21 19:41:27 ..... started mapping
Jun 21 19:47:07 ..... started sorting BAM
Jun 21 19:47:07 ..... finished successfully

Jun 21 19:47:12 ..... started STAR run
Jun 21 19:47:12 ..... loading genome
Jun 21 19:47:13 ..... started mapping
Jun 21 19:49:05 ..... started sorting BAM
Jun 21 19:49:05 ..... finished successfully

Jun 21 19:49:09 ..... started STAR run
Jun 21 19:49:09 ..... loading genome
Jun 21 19:49:12 ..... started mapping
Jun 21 19:53:06 ..... started sorting BAM
Jun 21 19:53:06 ..... finished successfully

Jun 21 19:53:11 ..... started STAR run
Jun 21 19:53:11 ..... loading genome
Jun 21 19:53:14 ..... started mapping
Jun 21 19:55:17 ..... started sorting BAM
Jun 21 19:55:17 ..... finished successfully

Jun 21 19:55:22 ..... started STAR run
Jun 21 19:55:22 ..... loading genome
Jun 21 19:55:23 ..... started mapping
Jun 21 19:59:17 ..... started sorting BAM
Jun 21 19:59:18 ..... finished successfully

Jun 21 19:59:22 ..... started STAR run
Jun 21 19:59:22 ..... loading genome
Jun 21 19:59:25 ..... started mapping
Jun 21 20:01:26 ..... started sorting BAM
Jun 21 20:01:27 ..... finished successfully

Jun 21 20:01:30 ..... started STAR run
Jun 21 20:01:30 ..... loading genome
Jun 21 20:01:32 ..... started mapping
Jun 21 20:03:29 ..... started sorting BAM
Jun 21 20:03:29 ..... finished successfully

Jun 21 20:03:33 ..... started STAR run
Jun 21 20:03:33 ..... loading genome
Jun 21 20:03:36 ..... started mapping
Jun 21 20:06:45 ..... started sorting BAM
Jun 21 20:06:45 ..... finished successfully

Jun 21 20:06:49 ..... started STAR run
Jun 21 20:06:49 ..... loading genome
Jun 21 20:06:51 ..... started mapping
Jun 21 20:10:20 ..... started sorting BAM
Jun 21 20:10:20 ..... finished successfully

Jun 21 20:10:24 ..... started STAR run
Jun 21 20:10:24 ..... loading genome
Jun 21 20:10:26 ..... started mapping
Jun 21 20:12:04 ..... started sorting BAM
Jun 21 20:12:04 ..... finished successfully

Jun 21 20:12:08 ..... started STAR run
Jun 21 20:12:08 ..... loading genome
Jun 21 20:12:11 ..... started mapping
Jun 21 20:14:12 ..... started sorting BAM
Jun 21 20:14:12 ..... finished successfully

Jun 21 20:14:16 ..... started STAR run
Jun 21 20:14:16 ..... loading genome
Jun 21 20:14:19 ..... started mapping
Jun 21 20:15:58 ..... started sorting BAM
Jun 21 20:15:58 ..... finished successfully

Jun 21 20:16:02 ..... started STAR run
Jun 21 20:16:02 ..... loading genome
Jun 21 20:16:06 ..... started mapping
Jun 21 20:18:01 ..... started sorting BAM
Jun 21 20:18:01 ..... finished successfully

Jun 21 20:18:05 ..... started STAR run
Jun 21 20:18:05 ..... loading genome
Jun 21 20:18:07 ..... started mapping
Jun 21 20:18:46 ..... started sorting BAM
Jun 21 20:18:46 ..... finished successfully

Jun 21 20:18:50 ..... started STAR run
Jun 21 20:18:50 ..... loading genome
Jun 21 20:18:52 ..... started mapping
Jun 21 20:20:46 ..... started sorting BAM
Jun 21 20:20:46 ..... finished successfully

Jun 21 20:20:50 ..... started STAR run
Jun 21 20:20:50 ..... loading genome
Jun 21 20:20:51 ..... started mapping
Jun 21 20:22:46 ..... started sorting BAM
Jun 21 20:22:46 ..... finished successfully

Jun 21 20:22:50 ..... started STAR run
Jun 21 20:22:50 ..... loading genome
Jun 21 20:22:51 ..... started mapping
Jun 21 20:24:15 ..... started sorting BAM
Jun 21 20:24:16 ..... finished successfully

Jun 21 20:24:20 ..... started STAR run
Jun 21 20:24:20 ..... loading genome
Jun 21 20:24:23 ..... started mapping
Jun 21 20:28:12 ..... started sorting BAM
Jun 21 20:28:12 ..... finished successfully

Jun 21 20:28:16 ..... started STAR run
Jun 21 20:28:16 ..... loading genome
Jun 21 20:28:19 ..... started mapping
Jun 21 20:33:38 ..... started sorting BAM
Jun 21 20:33:38 ..... finished successfully

Jun 21 20:33:42 ..... started STAR run
Jun 21 20:33:42 ..... loading genome
Jun 21 20:33:45 ..... started mapping
Jun 21 20:34:22 ..... started sorting BAM
Jun 21 20:34:22 ..... finished successfully

Jun 21 20:34:26 ..... started STAR run
Jun 21 20:34:26 ..... loading genome
Jun 21 20:34:29 ..... started mapping
Jun 21 20:41:59 ..... started sorting BAM
Jun 21 20:41:59 ..... finished successfully

Jun 21 20:42:04 ..... started STAR run
Jun 21 20:42:04 ..... loading genome
Jun 21 20:42:05 ..... started mapping
Jun 21 20:49:38 ..... started sorting BAM
Jun 21 20:49:38 ..... finished successfully

Jun 21 20:49:43 ..... started STAR run
Jun 21 20:49:43 ..... loading genome
Jun 21 20:49:44 ..... started mapping
Jun 21 20:51:30 ..... started sorting BAM
Jun 21 20:51:30 ..... finished successfully

Jun 21 20:51:34 ..... started STAR run
Jun 21 20:51:34 ..... loading genome
Jun 21 20:51:37 ..... started mapping
Jun 21 20:55:35 ..... started sorting BAM
Jun 21 20:55:35 ..... finished successfully

Jun 21 20:55:39 ..... started STAR run
Jun 21 20:55:39 ..... loading genome
Jun 21 20:55:41 ..... started mapping
Jun 21 20:57:30 ..... started sorting BAM
Jun 21 20:57:31 ..... finished successfully

Jun 21 20:57:34 ..... started STAR run
Jun 21 20:57:34 ..... loading genome
Jun 21 20:57:36 ..... started mapping
Jun 21 20:59:17 ..... started sorting BAM
Jun 21 20:59:17 ..... finished successfully

Jun 21 20:59:21 ..... started STAR run
Jun 21 20:59:21 ..... loading genome
Jun 21 20:59:24 ..... started mapping
Jun 21 21:07:29 ..... started sorting BAM
Jun 21 21:07:29 ..... finished successfully

Jun 21 21:07:34 ..... started STAR run
Jun 21 21:07:34 ..... loading genome
Jun 21 21:07:35 ..... started mapping
Jun 21 21:09:37 ..... started sorting BAM
Jun 21 21:09:37 ..... finished successfully

Jun 21 21:09:41 ..... started STAR run
Jun 21 21:09:41 ..... loading genome
Jun 21 21:09:43 ..... started mapping
Jun 21 21:19:29 ..... started sorting BAM
Jun 21 21:19:29 ..... finished successfully

Jun 21 21:19:34 ..... started STAR run
Jun 21 21:19:34 ..... loading genome
Jun 21 21:19:37 ..... started mapping
Jun 21 21:27:40 ..... started sorting BAM
Jun 21 21:27:40 ..... finished successfully

Jun 21 21:27:45 ..... started STAR run
Jun 21 21:27:45 ..... loading genome
Jun 21 21:27:47 ..... started mapping
Jun 21 21:29:28 ..... started sorting BAM
Jun 21 21:29:28 ..... finished successfully

Jun 21 21:29:32 ..... started STAR run
Jun 21 21:29:32 ..... loading genome
Jun 21 21:29:35 ..... started mapping
Jun 21 21:30:12 ..... started sorting BAM
Jun 21 21:30:13 ..... finished successfully

Jun 21 21:30:17 ..... started STAR run
Jun 21 21:30:17 ..... loading genome
Jun 21 21:30:18 ..... started mapping
Jun 21 21:32:07 ..... started sorting BAM
Jun 21 21:32:07 ..... finished successfully

Jun 21 21:32:11 ..... started STAR run
Jun 21 21:32:11 ..... loading genome
Jun 21 21:32:14 ..... started mapping
Jun 21 21:34:11 ..... started sorting BAM
Jun 21 21:34:12 ..... finished successfully

Jun 21 21:34:15 ..... started STAR run
Jun 21 21:34:15 ..... loading genome
Jun 21 21:34:17 ..... started mapping
Jun 21 21:36:15 ..... started sorting BAM
Jun 21 21:36:15 ..... finished successfully

Jun 21 21:36:19 ..... started STAR run
Jun 21 21:36:19 ..... loading genome
Jun 21 21:36:20 ..... started mapping
Jun 21 21:40:08 ..... started sorting BAM
Jun 21 21:40:08 ..... finished successfully

Jun 21 21:40:12 ..... started STAR run
Jun 21 21:40:12 ..... loading genome
Jun 21 21:40:13 ..... started mapping
Jun 21 21:43:54 ..... started sorting BAM
Jun 21 21:43:54 ..... finished successfully

Jun 21 21:43:58 ..... started STAR run
Jun 21 21:43:58 ..... loading genome
Jun 21 21:44:01 ..... started mapping
Jun 21 21:45:57 ..... started sorting BAM
Jun 21 21:45:57 ..... finished successfully

Jun 21 21:46:01 ..... started STAR run
Jun 21 21:46:01 ..... loading genome
Jun 21 21:46:04 ..... started mapping
Jun 21 21:48:01 ..... started sorting BAM
Jun 21 21:48:01 ..... finished successfully

Jun 21 21:48:05 ..... started STAR run
Jun 21 21:48:05 ..... loading genome
Jun 21 21:48:07 ..... started mapping
Jun 21 21:49:44 ..... started sorting BAM
Jun 21 21:49:45 ..... finished successfully

Jun 21 21:49:48 ..... started STAR run
Jun 21 21:49:48 ..... loading genome
Jun 21 21:49:51 ..... started mapping
Jun 21 21:52:58 ..... started sorting BAM
Jun 21 21:52:58 ..... finished successfully

Jun 21 21:53:02 ..... started STAR run
Jun 21 21:53:02 ..... loading genome
Jun 21 21:53:04 ..... started mapping
Jun 21 21:55:11 ..... started sorting BAM
Jun 21 21:55:11 ..... finished successfully

Jun 21 21:55:15 ..... started STAR run
Jun 21 21:55:15 ..... loading genome
Jun 21 21:55:16 ..... started mapping
Jun 21 21:57:23 ..... started sorting BAM
Jun 21 21:57:23 ..... finished successfully

Jun 21 21:57:27 ..... started STAR run
Jun 21 21:57:27 ..... loading genome
Jun 21 21:57:30 ..... started mapping
Jun 21 21:59:44 ..... started sorting BAM
Jun 21 21:59:44 ..... finished successfully

Jun 21 21:59:48 ..... started STAR run
Jun 21 21:59:48 ..... loading genome
Jun 21 21:59:49 ..... started mapping
Jun 21 22:01:34 ..... started sorting BAM
Jun 21 22:01:34 ..... finished successfully

Jun 21 22:01:38 ..... started STAR run
Jun 21 22:01:38 ..... loading genome
Jun 21 22:01:41 ..... started mapping
Jun 21 22:05:37 ..... started sorting BAM
Jun 21 22:05:37 ..... finished successfully

Jun 21 22:05:41 ..... started STAR run
Jun 21 22:05:41 ..... loading genome
Jun 21 22:05:44 ..... started mapping
Jun 21 22:07:40 ..... started sorting BAM
Jun 21 22:07:40 ..... finished successfully

Jun 21 22:07:45 ..... started STAR run
Jun 21 22:07:45 ..... loading genome
Jun 21 22:07:48 ..... started mapping
Jun 21 22:08:24 ..... started sorting BAM
Jun 21 22:08:24 ..... finished successfully

Jun 21 22:08:28 ..... started STAR run
Jun 21 22:08:28 ..... loading genome
Jun 21 22:08:30 ..... started mapping
Jun 21 22:11:05 ..... started sorting BAM
Jun 21 22:11:06 ..... finished successfully

Jun 21 22:11:10 ..... started STAR run
Jun 21 22:11:10 ..... loading genome
Jun 21 22:11:11 ..... started mapping
Jun 21 22:12:59 ..... started sorting BAM
Jun 21 22:12:59 ..... finished successfully

Jun 21 22:13:03 ..... started STAR run
Jun 21 22:13:03 ..... loading genome
Jun 21 22:13:05 ..... started mapping
Jun 21 22:14:25 ..... started sorting BAM
Jun 21 22:14:25 ..... finished successfully

Jun 21 22:14:29 ..... started STAR run
Jun 21 22:14:29 ..... loading genome
Jun 21 22:14:31 ..... started mapping
Jun 21 22:15:50 ..... started sorting BAM
Jun 21 22:15:50 ..... finished successfully

Jun 21 22:15:54 ..... started STAR run
Jun 21 22:15:54 ..... loading genome
Jun 21 22:15:57 ..... started mapping
Jun 21 22:17:49 ..... started sorting BAM
Jun 21 22:17:49 ..... finished successfully

Jun 21 22:17:53 ..... started STAR run
Jun 21 22:17:53 ..... loading genome
Jun 21 22:17:56 ..... started mapping
Jun 21 22:19:09 ..... started sorting BAM
Jun 21 22:19:09 ..... finished successfully

Jun 21 22:19:13 ..... started STAR run
Jun 21 22:19:13 ..... loading genome
Jun 21 22:19:16 ..... started mapping
Jun 21 22:23:09 ..... started sorting BAM
Jun 21 22:23:09 ..... finished successfully

Jun 21 22:23:13 ..... started STAR run
Jun 21 22:23:13 ..... loading genome
Jun 21 22:23:16 ..... started mapping
Jun 21 22:26:14 ..... started sorting BAM
Jun 21 22:26:14 ..... finished successfully

Jun 21 22:26:18 ..... started STAR run
Jun 21 22:26:18 ..... loading genome
Jun 21 22:26:21 ..... started mapping
Jun 21 22:27:16 ..... started sorting BAM
Jun 21 22:27:16 ..... finished successfully

Jun 21 22:27:20 ..... started STAR run
Jun 21 22:27:20 ..... loading genome
Jun 21 22:27:22 ..... started mapping
Jun 21 22:31:11 ..... started sorting BAM
Jun 21 22:31:11 ..... finished successfully

Jun 21 22:31:16 ..... started STAR run
Jun 21 22:31:16 ..... loading genome
Jun 21 22:31:19 ..... started mapping
Jun 21 22:34:51 ..... started sorting BAM
Jun 21 22:34:51 ..... finished successfully

Jun 21 22:34:55 ..... started STAR run
Jun 21 22:34:55 ..... loading genome
Jun 21 22:34:57 ..... started mapping
Jun 21 22:35:43 ..... started sorting BAM
Jun 21 22:35:43 ..... finished successfully

Jun 21 22:35:47 ..... started STAR run
Jun 21 22:35:47 ..... loading genome
Jun 21 22:35:49 ..... started mapping
Jun 21 22:37:27 ..... started sorting BAM
Jun 21 22:37:27 ..... finished successfully

Jun 21 22:37:31 ..... started STAR run
Jun 21 22:37:31 ..... loading genome
Jun 21 22:37:33 ..... started mapping
Jun 21 22:38:02 ..... started sorting BAM
Jun 21 22:38:03 ..... finished successfully

Jun 21 22:38:07 ..... started STAR run
Jun 21 22:38:07 ..... loading genome
Jun 21 22:38:10 ..... started mapping
Jun 21 22:39:00 ..... started sorting BAM
Jun 21 22:39:00 ..... finished successfully

Jun 21 22:39:04 ..... started STAR run
Jun 21 22:39:04 ..... loading genome
Jun 21 22:39:07 ..... started mapping
Jun 21 22:39:55 ..... started sorting BAM
Jun 21 22:39:55 ..... finished successfully

Jun 21 22:39:59 ..... started STAR run
Jun 21 22:39:59 ..... loading genome
Jun 21 22:40:03 ..... started mapping
Jun 21 22:41:58 ..... started sorting BAM
Jun 21 22:41:59 ..... finished successfully

Jun 21 22:42:03 ..... started STAR run
Jun 21 22:42:03 ..... loading genome
Jun 21 22:42:04 ..... started mapping
Jun 21 22:42:42 ..... started sorting BAM
Jun 21 22:42:42 ..... finished successfully

Jun 21 22:42:46 ..... started STAR run
Jun 21 22:42:46 ..... loading genome
Jun 21 22:42:48 ..... started mapping
Jun 21 22:44:15 ..... started sorting BAM
Jun 21 22:44:16 ..... finished successfully

Jun 21 22:44:19 ..... started STAR run
Jun 21 22:44:19 ..... loading genome
Jun 21 22:44:22 ..... started mapping
Jun 21 22:45:06 ..... started sorting BAM
Jun 21 22:45:06 ..... finished successfully

Jun 21 22:45:10 ..... started STAR run
Jun 21 22:45:10 ..... loading genome
Jun 21 22:45:13 ..... started mapping
Jun 21 22:45:51 ..... started sorting BAM
Jun 21 22:45:51 ..... finished successfully

Jun 21 22:45:55 ..... started STAR run
Jun 21 22:45:55 ..... loading genome
Jun 21 22:45:58 ..... started mapping
Jun 21 22:47:16 ..... started sorting BAM
Jun 21 22:47:17 ..... finished successfully

Jun 21 22:47:21 ..... started STAR run
Jun 21 22:47:21 ..... loading genome
Jun 21 22:47:24 ..... started mapping
Jun 21 22:49:10 ..... started sorting BAM
Jun 21 22:49:11 ..... finished successfully

Jun 21 22:49:14 ..... started STAR run
Jun 21 22:49:14 ..... loading genome
Jun 21 22:49:17 ..... started mapping
Jun 21 22:50:47 ..... started sorting BAM
Jun 21 22:50:47 ..... finished successfully

Jun 21 22:50:51 ..... started STAR run
Jun 21 22:50:51 ..... loading genome
Jun 21 22:50:54 ..... started mapping
Jun 21 22:52:04 ..... started sorting BAM
Jun 21 22:52:05 ..... finished successfully

Jun 21 22:52:09 ..... started STAR run
Jun 21 22:52:09 ..... loading genome
Jun 21 22:52:11 ..... started mapping
Jun 21 22:53:49 ..... started sorting BAM
Jun 21 22:53:49 ..... finished successfully

Jun 21 22:53:53 ..... started STAR run
Jun 21 22:53:53 ..... loading genome
Jun 21 22:53:56 ..... started mapping
Jun 21 22:57:10 ..... started sorting BAM
Jun 21 22:57:11 ..... finished successfully

Jun 21 22:57:15 ..... started STAR run
Jun 21 22:57:15 ..... loading genome
Jun 21 22:57:16 ..... started mapping
Jun 21 22:58:31 ..... started sorting BAM
Jun 21 22:58:31 ..... finished successfully

Jun 21 22:58:35 ..... started STAR run
Jun 21 22:58:35 ..... loading genome
Jun 21 22:58:38 ..... started mapping
Jun 21 22:59:39 ..... started sorting BAM
Jun 21 22:59:40 ..... finished successfully

